[02/May/2024:10:15:23] [INFO] [Transaction] Credit of $500 deposited into account. UserID: 12345. TransactionID: 1a2b3c4d
[02/May/2024:10:17:45] [INFO] [Transaction] Debit of $100 withdrawn from account. UserID: 56789. TransactionID: abcd1234
[02/May/2024:10:20:11] [INFO] [Transaction] Interest of $20 credited into savings account. UserID: 24680. TransactionID: xyz9876
[02/May/2024:10:25:02] [INFO] [Transaction] Credit of $1000 deposited into account. UserID: 13579. TransactionID: qwerty12
[02/May/2024:10:30:55] [INFO] [Transaction] Debit of $50 withdrawn from account. UserID: 24680. TransactionID: 6789abcd
[02/May/2024:10:35:29] [INFO] [Transaction] Interest of $10 credited into savings account. UserID: 24680. TransactionID: zxcv1234
[02/May/2024:10:40:14] [INFO] [Transaction] Credit of $200 deposited into account. UserID: 12345. TransactionID: asdf5678
[02/May/2024:10:45:57] [INFO] [Transaction] Debit of $30 withdrawn from account. UserID: 56789. TransactionID: hjkl9876
[02/May/2024:10:50:33] [INFO] [Transaction] Interest of $15 credited into savings account. UserID: 13579. TransactionID: poi0987
[02/May/2024:10:55:18] [INFO] [Transaction] Credit of $300 deposited into account. UserID: 13579. TransactionID: lkjh4567
[02/May/2024:11:00:01] [INFO] [Transaction] Debit of $20 withdrawn from account. UserID: 12345. TransactionID: mnbv3456
[02/May/2024:11:05:44] [INFO] [Transaction] Interest of $25 credited into savings account. UserID: 24680. TransactionID: plm0987
[02/May/2024:11:10:29] [INFO] [Transaction] Credit of $400 deposited into account. UserID: 56789. TransactionID: yxcv3456
[02/May/2024:11:15:02] [INFO] [Transaction] Debit of $40 withdrawn from account. UserID: 24680. TransactionID: qwer2345
[02/May/2024:11:20:45] [INFO] [Transaction] Interest of $30 credited into savings account. UserID: 12345. TransactionID: uiop6789
[02/May/2024:11:25:18] [INFO] [Transaction] Credit of $600 deposited into account. UserID: 24680. TransactionID: fdsa4567
[02/May/2024:11:30:03] [INFO] [Transaction] Debit of $60 withdrawn from account. UserID: 13579. TransactionID: tyui8901
[02/May/2024:11:35:29] [INFO] [Transaction] Interest of $35 credited into savings account. UserID: 56789. TransactionID: cvbn1234
[02/May/2024:11:40:17] [INFO] [Transaction] Credit of $700 deposited into account. UserID: 13579. TransactionID: rewq5432
[02/May/2024:11:45:08] [INFO] [Transaction] Debit of $70 withdrawn from account. UserID: 12345. TransactionID: kjhg0987
[02/May/2024:11:50:01] [INFO] [Transaction] Interest of $40 credited into savings account. UserID: 24680. TransactionID: qazx5678
[02/May/2024:11:55:22] [INFO] [Transaction] Credit of $800 deposited into account. UserID: 56789. TransactionID: nmjk7890
[02/May/2024:12:00:13] [INFO] [Transaction] Debit of $80 withdrawn from account. UserID: 13579. TransactionID: poiuy4321
[02/May/2024:12:05:05] [INFO] [Transaction] Interest of $45 credited into savings account. UserID: 12345. TransactionID: lkjh1234
[02/May/2024:12:10:19] [INFO] [Transaction] Credit of $900 deposited into account. UserID: 24680. TransactionID: qwer1234
[02/May/2024:12:15:38] [INFO] [Transaction] Debit of $90 withdrawn from account. UserID: 56789. TransactionID: uiop5678
[02/May/2024:12:20:12] [INFO] [Transaction] Interest of $50 credited into savings account. UserID: 13579. TransactionID: zxcv0987
[02/May/2024:12:25:25] [INFO] [Transaction] Credit of $1000 deposited into account. UserID: 12345. TransactionID: mnbv4567
[02/May/2024:12:30:47] [INFO] [Transaction] Debit of $100 withdrawn from account. UserID: 24680. TransactionID: lkjh7890
[02/May/2024:12:35:33] [INFO] [Transaction] Interest of $55 credited into savings account. UserID: 56789. TransactionID: qazx2345
[02/May/2024:12:40:16] [INFO] [Transaction] Credit of $1100 deposited into account. UserID: 13579. TransactionID: nmjk1234
[02/May/2024:12:45:09] [INFO] [Transaction] Debit of $110 withdrawn from account. UserID: 12345. TransactionID: poiuy5678
[02/May/2024:12:50:29] [INFO] [Transaction] Interest of $60 credited into savings account. UserID: 24680. TransactionID: lkjh0987
[02/May/2024:12:55:18] [INFO] [Transaction] Credit of $1200 deposited into account. UserID: 56789. TransactionID: qwer0987
