[02/May/2024:10:15:23] [INFO] [Database] User 'john_doe' logged in from IP address: 192.168.1.10. Client: MySQL Client v8.0.26. TransactionID: 1a2b3c4d
[02/May/2024:10:17:45] [ERROR] [Database] Database connection failed for user 'admin' at 10.0.0.5. Error: Connection timed out. TransactionID: abcd1234
[02/May/2024:10:20:11] [WARNING] [Database] Disk space is running low. IP: 172.16.0.20. Available Space: 10GB. TransactionID: xyz9876
[02/May/2024:10:25:02] [INFO] [Database] User 'jane_smith' accessed profile from IP address: 192.168.1.10. ProfileID: 123456. TransactionID: qwerty12
[02/May/2024:10:30:55] [ERROR] [Database] Server crashed unexpectedly. IP: 10.0.0.5. Error: Segmentation fault. TransactionID: 6789abcd
[02/May/2024:10:35:29] [INFO] [Database] New software version (v2.1.0) installed. IP: 192.168.1.10. Version: v2.1.0. TransactionID: zxcv1234
[02/May/2024:10:40:14] [DEBUG] [Database] System performance metrics: CPU: 80%, Memory: 60%, Disk: 85%. IP: 172.16.0.20. TransactionID: asdf5678
[02/May/2024:10:45:57] [ERROR] [Database] Unable to start service. Error code: 500. IP: 10.0.0.5. Service: Database. TransactionID: hjkl9876
[02/May/2024:10:50:33] [INFO] [Database] User 'john_doe' logged out from IP: 192.168.1.10. SessionID: 987654. TransactionID: poi0987
[02/May/2024:10:55:18] [WARNING] [Database] System time drift detected at 172.16.0.20. Drift: +5 seconds. TransactionID: lkjh4567
[02/May/2024:11:00:01] [INFO] [Database] Scheduled backup completed successfully. IP: 192.168.1.10. BackupID: 789012. TransactionID: mnbv3456
[02/May/2024:11:05:44] [ERROR] [Database] Disk I/O error detected. Check disk health. IP: 10.0.0.5. TransactionID: plm0987
[02/May/2024:11:10:29] [INFO] [Database] User 'jane_smith' initiated file transfer. IP: 192.168.1.10. File: data_backup.zip. TransactionID: yxcv3456
[02/May/2024:11:15:02] [WARNING] [Database] High network traffic detected. Investigate network usage. IP: 172.16.0.20. TransactionID: qwer2345
[02/May/2024:11:20:45] [ERROR] [Database] Database server stopped responding. IP: 10.0.0.5. TransactionID: uiop6789
[02/May/2024:11:25:18] [INFO] [Database] System reboot initiated from IP: 192.168.1.10. Reason: System maintenance. TransactionID: fdsa4567
[02/May/2024:11:30:03] [DEBUG] [Database] Log file rotation completed. IP: 172.16.0.20. Logs: database.log. TransactionID: tyui8901
[02/May/2024:11:35:29] [ERROR] [Database] Service 'webapp' crashed unexpectedly. IP: 10.0.0.5. Service: webapp. TransactionID: cvbn1234
[02/May/2024:11:40:17] [WARNING] [Database] Server temperature exceeded threshold. Check cooling system. IP: 172.16.0.20. Temperature: 80°C. TransactionID: rewq5432
[02/May/2024:11:45:08] [INFO] [Database] User 'admin' changed password. IP: 192.168.1.10. User: admin. TransactionID: kjhg0987
[02/May/2024:11:50:01] [ERROR] [Database] Critical system process terminated unexpectedly. IP: 10.0.0.5. Process: critical_process. TransactionID: qazx5678
[02/May/2024:11:55:22] [INFO] [Database] Database backup started. IP: 192.168.1.10. Backup Location: /backup/db_backup.sql. TransactionID: nmjk7890
[02/May/2024:12:00:13] [WARNING] [Database] Disk usage spike detected. Monitor closely. IP: 172.16.0.20. Spike: 90%. TransactionID: poiuy4321
[02/May/2024:12:05:05] [ERROR] [Database] Network connection lost. Attempting reconnection. IP: 10.0.0.5. TransactionID: lkjh1234
[02/May/2024:12:10:19] [INFO] [Database] User 'john_doe' uploaded document. IP: 192.168.1.10. Document: new_data.docx. TransactionID: qwer1234
[02/May/2024:12:15:38] [DEBUG] [Database] Performance optimization routine initiated. IP: 172.16.0.20. TransactionID: uiop5678
[02/May/2024:12:20:12] [ERROR] [Database] RAID array failure detected. Replace faulty drive. IP: 10.0.0.5. Drive: RAID1. TransactionID: zxcv0987
[02/May/2024:12:25:25] [INFO] [Database] Server maintenance completed successfully. IP: 192.168.1.10. Duration: 2 hours. TransactionID: mnbv4567
[02/May/2024:12:30:47] [WARNING] [Database] Unauthorized access attempt detected. Review security logs. IP: 172.16.0.20. User: unknown. TransactionID: lkjh7890
[02/May/2024:12:35:33] [ERROR] [Database] Hardware error reported. IP: 10.0.0.5. Error: Disk failure. TransactionID: qazx2345
[02/May/2024:12:40:16] [INFO] [Database] Index rebuild initiated. IP: 192.168.1.10. Tables: users, orders. TransactionID: nmjk1234
[02/May/2024:12:45:09] [DEBUG] [Database] Firewall rules updated successfully. IP: 172.16.0.20. TransactionID: poiuy5678
[02/May/2024:12:50:29] [WARNING] [Database] Backup failure. Check backup logs. IP: 10.0.0.5. TransactionID: lkjh0987
[02/May/2024:12:55:18] [INFO] [Database] User 'admin' account deleted. IP: 192.168.1.10. User: admin. TransactionID: qwer0987
